[ERROR] Failed to execute goal org.springframework.boot:spring-boot-maven-plugin:3.1.2:repackage (repackage) on project demo: Execution repackage of goal org.springframework.boot:spring-boot-maven-plugin:3.1.2:repackage failed: Unable to load the mojo 'repackage' in the plugin 'org.springframework.boot:spring-boot-maven-plugin:3.1.2' due to an API incompatibility: org.codehaus.plexus.component.repository.exception.ComponentLookupException: org/springframework/boot/maven/RepackageMojo has been compiled by a more recent version of the Java Runtime (class file version 61.0), this version of the Java Runtime only recognizes class file versions up to 52.0
[ERROR] -----------------------------------------------------
[ERROR] realm =    plugin>org.springframework.boot:spring-boot-maven-plugin:3.1.2
[ERROR] strategy = org.codehaus.plexus.classworlds.strategy.SelfFirstStrategy
[ERROR] urls[0] = file:/home/runner/.m2/repository/org/springframework/boot/spring-boot-maven-plugin/3.1.2/spring-boot-maven-plugin-3.1.2.jar
[ERROR] urls[1] = file:/home/runner/.m2/repository/org/springframework/spring-context/6.0.11/spring-context-6.0.11.jar
[ERROR] urls[2] = file:/home/runner/.m2/repository/org/springframework/spring-aop/6.0.11/spring-aop-6.0.11.jar
[ERROR] urls[3] = file:/home/runner/.m2/repository/org/springframework/spring-beans/6.0.11/spring-beans-6.0.11.jar
[ERROR] urls[4] = file:/home/runner/.m2/repository/org/springframework/spring-core/6.0.11/spring-core-6.0.11.jar
[ERROR] urls[5] = file:/home/runner/.m2/repository/org/springframework/spring-jcl/6.0.11/spring-jcl-6.0.11.jar
[ERROR] urls[6] = file:/home/runner/.m2/repository/org/springframework/spring-expression/6.0.11/spring-expression-6.0.11.jar
[ERROR] urls[7] = file:/home/runner/.m2/repository/org/springframework/boot/spring-boot-buildpack-platform/3.1.2/spring-boot-buildpack-platform-3.1.2.jar
[ERROR] urls[8] = file:/home/runner/.m2/repository/com/fasterxml/jackson/core/jackson-databind/2.14.2/jackson-databind-2.14.2.jar
[ERROR] urls[9] = file:/home/runner/.m2/repository/com/fasterxml/jackson/core/jackson-annotations/2.14.2/jackson-annotations-2.14.2.jar
[ERROR] urls[10] = file:/home/runner/.m2/repository/com/fasterxml/jackson/core/jackson-core/2.14.2/jackson-core-2.14.2.jar
[ERROR] urls[11] = file:/home/runner/.m2/repository/com/fasterxml/jackson/module/jackson-module-parameter-names/2.14.2/jackson-module-parameter-names-2.14.2.jar
[ERROR] urls[12] = file:/home/runner/.m2/repository/net/java/dev/jna/jna-platform/5.7.0/jna-platform-5.7.0.jar
[ERROR] urls[13] = file:/home/runner/.m2/repository/net/java/dev/jna/jna/5.7.0/jna-5.7.0.jar
[ERROR] urls[14] = file:/home/runner/.m2/repository/org/apache/commons/commons-compress/1.21/commons-compress-1.21.jar
[ERROR] urls[15] = file:/home/runner/.m2/repository/org/apache/httpcomponents/client5/httpclient5/5.2.1/httpclient5-5.2.1.jar
[ERROR] urls[16] = file:/home/runner/.m2/repository/org/apache/httpcomponents/core5/httpcore5/5.2/httpcore5-5.2.jar
[ERROR] urls[17] = file:/home/runner/.m2/repository/org/apache/httpcomponents/core5/httpcore5-h2/5.2/httpcore5-h2-5.2.jar
[ERROR] urls[18] = file:/home/runner/.m2/repository/org/tomlj/tomlj/1.0.0/tomlj-1.0.0.jar
[ERROR] urls[19] = file:/home/runner/.m2/repository/org/antlr/antlr4-runtime/4.7.2/antlr4-runtime-4.7.2.jar
[ERROR] urls[20] = file:/home/runner/.m2/repository/com/google/code/findbugs/jsr305/3.0.2/jsr305-3.0.2.jar
[ERROR] urls[21] = file:/home/runner/.m2/repository/org/springframework/boot/spring-boot-loader-tools/3.1.2/spring-boot-loader-tools-3.1.2.jar
[ERROR] urls[22] = file:/home/runner/.m2/repository/org/sonatype/plexus/plexus-build-api/0.0.7/plexus-build-api-0.0.7.jar
[ERROR] urls[23] = file:/home/runner/.m2/repository/org/codehaus/plexus/plexus-utils/1.5.8/plexus-utils-1.5.8.jar
[ERROR] urls[24] = file:/home/runner/.m2/repository/org/apache/maven/plugins/maven-shade-plugin/3.2.4/maven-shade-plugin-3.2.4.jar
[ERROR] urls[25] = file:/home/runner/.m2/repository/org/sonatype/sisu/sisu-inject-bean/1.4.2/sisu-inject-bean-1.4.2.jar
[ERROR] urls[26] = file:/home/runner/.m2/repository/org/sonatype/sisu/sisu-guice/2.1.7/sisu-guice-2.1.7-noaop.jar
[ERROR] urls[27] = file:/home/runner/.m2/repository/org/sonatype/aether/aether-util/1.7/aether-util-1.7.jar
[ERROR] urls[28] = file:/home/runner/.m2/repository/org/codehaus/plexus/plexus-interpolation/1.14/plexus-interpolation-1.14.jar
[ERROR] urls[29] = file:/home/runner/.m2/repository/org/codehaus/plexus/plexus-component-annotations/1.5.5/plexus-component-annotations-1.5.5.jar
[ERROR] urls[30] = file:/home/runner/.m2/repository/org/sonatype/plexus/plexus-sec-dispatcher/1.3/plexus-sec-dispatcher-1.3.jar
[ERROR] urls[31] = file:/home/runner/.m2/repository/org/sonatype/plexus/plexus-cipher/1.4/plexus-cipher-1.4.jar
[ERROR] urls[32] = file:/home/runner/.m2/repository/org/apache/maven/shared/maven-artifact-transfer/0.12.0/maven-artifact-transfer-0.12.0.jar
[ERROR] urls[33] = file:/home/runner/.m2/repository/org/apache/maven/shared/maven-common-artifact-filters/3.0.1/maven-common-artifact-filters-3.0.1.jar
[ERROR] urls[34] = file:/home/runner/.m2/repository/org/apache/maven/shared/maven-shared-utils/3.1.0/maven-shared-utils-3.1.0.jar
[ERROR] urls[35] = file:/home/runner/.m2/repository/commons-codec/commons-codec/1.11/commons-codec-1.11.jar
[ERROR] urls[36] = file:/home/runner/.m2/repository/org/ow2/asm/asm/8.0/asm-8.0.jar
[ERROR] urls[37] = file:/home/runner/.m2/repository/org/ow2/asm/asm-commons/8.0/asm-commons-8.0.jar
[ERROR] urls[38] = file:/home/runner/.m2/repository/org/ow2/asm/asm-tree/8.0/asm-tree-8.0.jar
[ERROR] urls[39] = file:/home/runner/.m2/repository/org/ow2/asm/asm-analysis/8.0/asm-analysis-8.0.jar
[ERROR] urls[40] = file:/home/runner/.m2/repository/org/jdom/jdom2/2.0.6/jdom2-2.0.6.jar
[ERROR] urls[41] = file:/home/runner/.m2/repository/org/apache/maven/shared/maven-dependency-tree/3.0.1/maven-dependency-tree-3.0.1.jar
[ERROR] urls[42] = file:/home/runner/.m2/repository/org/eclipse/aether/aether-util/0.9.0.M2/aether-util-0.9.0.M2.jar
[ERROR] urls[43] = file:/home/runner/.m2/repository/commons-io/commons-io/2.6/commons-io-2.6.jar
[ERROR] urls[44] = file:/home/runner/.m2/repository/org/vafer/jdependency/2.4.0/jdependency-2.4.0.jar
[ERROR] urls[45] = file:/home/runner/.m2/repository/org/ow2/asm/asm-util/8.0/asm-util-8.0.jar
[ERROR] urls[46] = file:/home/runner/.m2/repository/com/google/guava/guava/28.2-android/guava-28.2-android.jar
[ERROR] urls[47] = file:/home/runner/.m2/repository/com/google/guava/failureaccess/1.0.1/failureaccess-1.0.1.jar
[ERROR] urls[48] = file:/home/runner/.m2/repository/com/google/guava/listenablefuture/9999.0-empty-to-avoid-conflict-with-guava/listenablefuture-9999.0-empty-to-avoid-conflict-with-guava.jar
[ERROR] urls[49] = file:/home/runner/.m2/repository/org/checkerframework/checker-compat-qual/2.5.5/checker-compat-qual-2.5.5.jar
[ERROR] urls[50] = file:/home/runner/.m2/repository/com/google/errorprone/error_prone_annotations/2.3.4/error_prone_annotations-2.3.4.jar
[ERROR] urls[51] = file:/home/runner/.m2/repository/com/google/j2objc/j2objc-annotations/1.3/j2objc-annotations-1.3.jar
[ERROR] urls[52] = file:/home/runner/.m2/repository/org/apache/commons/commons-lang3/3.7/commons-lang3-3.7.jar
[ERROR] Number of foreign imports: 1
[ERROR] import: Entry[import  from realm ClassRealm[maven.api, parent: null]]
[ERROR] 
[ERROR] -----------------------------------------------------
[ERROR] 
[ERROR] -> [Help 1]
[ERROR] 
[ERROR] To see the full stack trace of the errors, re-run Maven with the -e switch.
[ERROR] Re-run Maven using the -X switch to enable full debug logging.
[ERROR] 
[ERROR] For more information about the errors and possible solutions, please read the following articles:
[ERROR] [Help 1] http://cwiki.apache.org/confluence/display/MAVEN/PluginContainerException
Error: Process completed with exit code 1.
yaml
on:
  pull_request:
    branches: '*'
  push:
    branches: '*'

jobs:
  Build_and_Test:
    runs-on: uhg-runner
    permissions: write-all

    steps:
      - name: Checkout repository
        uses: actions/checkout@v2

      - name: Set up Java JDK
        uses: actions/setup-java@v2
        with:
          java-version: '8'
          distribution: 'adopt'

      - name: Install Maven
        run: |
         sudo apt-get update
         sudo apt-get install -y maven

#       - name: build Maven
#         run: mvn package --file pom.xml
      - name: Build with Maven
        run: mvn clean package
     

      - name: Run unit tests
        run: mvn test
